7.4476 	WARNING 	User requested fullscreen with size [1024  768], but screen is actually [1920, 1080]. Using actual size
8.6833 	EXP 	Created window1 = Window(allowGUI=False, allowStencil=False, args=UNKNOWN, autoLog=True, bitsMode=UNKNOWN, blendMode='avg', color=array([0., 0., 0.]), colorSpace='rgb', fullscr=<method-wrapper '__getattribute__' of attributeSetter object at 0x0F02D970>, gamma=None, kwargs=UNKNOWN, lms=UNKNOWN, monitor=<psychopy.monitors.calibTools.Monitor object at 0x1C860B70>, multiSample=False, name='window1', numSamples=2, pos=[0.0, 0.0], screen=0, size=array([1920, 1080]), stereo=False, units='norm', useFBO=True, useRetina=False, viewOri=0.0, viewPos=None, viewScale=None, waitBlanking=True, winType='pyglet')
8.6834 	EXP 	window1: recordFrameIntervals = False
8.8827 	EXP 	window1: recordFrameIntervals = True
9.0665 	WARNING 	t of last frame was 34.12ms (=1/29)
9.1330 	WARNING 	t of last frame was 33.90ms (=1/29)
9.3010 	EXP 	window1: recordFrameIntervals = False
9.4114 	EXP 	Created instruction = TextStim(__class__=<class 'psychopy.visual.text.TextStim'>, alignHoriz='center', alignVert='center', antialias=True, autoLog=True, bold=False, color='white', colorSpace='named', contrast=1.0, depth=0.0, flipHoriz=False, flipVert=False, font='Arial', fontFiles=[], height=0.1, italic=False, languageStyle='LTR', name='instruction', opacity=1.0, ori=0, pos=array([0. , 0.8]), rgb=array([255., 255., 255.]), text='指导语：\n现在你想要连接wifi', units='norm', win=Window(...), wrapWidth=1)
9.4211 	EXP 	Created background = ImageStim(__class__=<class 'psychopy.visual.image.ImageStim'>, autoLog=True, color=array([1., 1., 1.]), colorSpace='rgb', contrast=1.0, depth=-2.0, flipHoriz=False, flipVert=False, image='sin', interpolate=True, mask=None, maskParams=None, name='background', opacity=1.0, ori=0.0, pos=array([0., 0.]), size=array([1., 1.]), texRes=128, units='norm', win=Window(...))
9.4236 	EXP 	Created toast = ImageStim(__class__=<class 'psychopy.visual.image.ImageStim'>, autoLog=True, color=array([1., 1., 1.]), colorSpace='rgb', contrast=1.0, depth=-3.0, flipHoriz=False, flipVert=False, image=str(...), interpolate=True, mask=None, maskParams=None, name='toast', opacity=1.0, ori=0.0, pos=array([ 0. , -0.3]), size=array([0.5, 0.2]), texRes=128, units='norm', win=Window(...))
9.4405 	EXP 	Imported ..\..\收集箱\toast study\conditions.xlsx as conditions, 4 conditions, 2 params
9.4409 	EXP 	Created sequence: random, trialTypes=4, nReps=5, seed=None
9.4412 	EXP 	New trial (rep=0, index=0): OrderedDict([('conditions', 2), ('image_file', 'D:\\收集箱\\图片\\三体\\红岸基地.jpg')])
9.5324 	EXP 	background: image = 'D:\\收集箱\\图片\\三体\\红岸基地.jpg'
9.5324 	EXP 	instruction: autoDraw = True
9.5324 	EXP 	toast: autoDraw = True
10.3506 	DATA 	Keypress: space
10.3516 	EXP 	New trial (rep=0, index=1): OrderedDict([('conditions', 3), ('image_file', 'D:\\收集箱\\图片\\三体\\三体.jpg')])
10.5497 	EXP 	instruction: autoDraw = False
10.5497 	EXP 	background: autoDraw = False
10.5497 	EXP 	toast: autoDraw = False
10.5497 	EXP 	background: image = 'D:\\收集箱\\图片\\三体\\三体.jpg'
10.5497 	EXP 	instruction: autoDraw = True
10.5497 	EXP 	toast: autoDraw = True
11.3020 	DATA 	Keypress: space
11.3033 	EXP 	New trial (rep=0, index=2): OrderedDict([('conditions', 4), ('image_file', 'D:\\收集箱\\图片\\三体\\三体2.png')])
11.4333 	EXP 	instruction: autoDraw = False
11.4333 	EXP 	background: autoDraw = False
11.4333 	EXP 	toast: autoDraw = False
11.4333 	EXP 	background: image = 'D:\\收集箱\\图片\\三体\\三体2.png'
11.4333 	EXP 	instruction: autoDraw = True
11.4333 	EXP 	toast: autoDraw = True
13.0852 	DATA 	Keypress: return
13.1002 	EXP 	background: autoDraw = True
15.3340 	DATA 	Keypress: space
15.3350 	EXP 	New trial (rep=0, index=3): OrderedDict([('conditions', 1), ('image_file', 'D:\\收集箱\\图片\\三体\\timg.jpg')])
15.3997 	EXP 	instruction: autoDraw = False
15.3997 	EXP 	background: autoDraw = False
15.3997 	EXP 	toast: autoDraw = False
15.3997 	EXP 	background: image = 'D:\\收集箱\\图片\\三体\\timg.jpg'
15.3997 	EXP 	instruction: autoDraw = True
15.3997 	EXP 	toast: autoDraw = True
16.5836 	DATA 	Keypress: space
16.5843 	EXP 	New trial (rep=1, index=0): OrderedDict([('conditions', 4), ('image_file', 'D:\\收集箱\\图片\\三体\\三体2.png')])
16.6828 	EXP 	instruction: autoDraw = False
16.6828 	EXP 	background: autoDraw = False
16.6828 	EXP 	toast: autoDraw = False
16.6828 	EXP 	background: image = 'D:\\收集箱\\图片\\三体\\三体2.png'
16.6828 	EXP 	instruction: autoDraw = True
16.6828 	EXP 	toast: autoDraw = True
17.6170 	DATA 	Keypress: space
17.6178 	EXP 	New trial (rep=1, index=1): OrderedDict([('conditions', 1), ('image_file', 'D:\\收集箱\\图片\\三体\\timg.jpg')])
17.6835 	EXP 	instruction: autoDraw = False
17.6835 	EXP 	background: autoDraw = False
17.6835 	EXP 	toast: autoDraw = False
17.6835 	EXP 	background: image = 'D:\\收集箱\\图片\\三体\\timg.jpg'
17.6835 	EXP 	instruction: autoDraw = True
17.6835 	EXP 	toast: autoDraw = True
18.4342 	DATA 	Keypress: return
18.4496 	EXP 	background: autoDraw = True
19.2339 	DATA 	Keypress: space
19.2348 	EXP 	New trial (rep=1, index=2): OrderedDict([('conditions', 2), ('image_file', 'D:\\收集箱\\图片\\三体\\红岸基地.jpg')])
19.3334 	EXP 	instruction: autoDraw = False
19.3334 	EXP 	background: autoDraw = False
19.3334 	EXP 	toast: autoDraw = False
19.3334 	EXP 	background: image = 'D:\\收集箱\\图片\\三体\\红岸基地.jpg'
19.3334 	EXP 	instruction: autoDraw = True
19.3334 	EXP 	toast: autoDraw = True
19.9511 	DATA 	Keypress: space
19.9521 	EXP 	New trial (rep=1, index=3): OrderedDict([('conditions', 3), ('image_file', 'D:\\收集箱\\图片\\三体\\三体.jpg')])
20.1504 	EXP 	instruction: autoDraw = False
20.1504 	EXP 	background: autoDraw = False
20.1504 	EXP 	toast: autoDraw = False
20.1504 	EXP 	background: image = 'D:\\收集箱\\图片\\三体\\三体.jpg'
20.1504 	EXP 	instruction: autoDraw = True
20.1504 	EXP 	toast: autoDraw = True
20.5174 	DATA 	Keypress: space
20.5184 	EXP 	New trial (rep=2, index=0): OrderedDict([('conditions', 4), ('image_file', 'D:\\收集箱\\图片\\三体\\三体2.png')])
20.6334 	EXP 	instruction: autoDraw = False
20.6334 	EXP 	background: autoDraw = False
20.6334 	EXP 	toast: autoDraw = False
20.6334 	EXP 	background: image = 'D:\\收集箱\\图片\\三体\\三体2.png'
20.6334 	EXP 	instruction: autoDraw = True
20.6334 	EXP 	toast: autoDraw = True
21.0345 	DATA 	Keypress: space
21.0354 	EXP 	New trial (rep=2, index=1): OrderedDict([('conditions', 1), ('image_file', 'D:\\收集箱\\图片\\三体\\timg.jpg')])
21.1001 	EXP 	instruction: autoDraw = False
21.1001 	EXP 	background: autoDraw = False
21.1001 	EXP 	toast: autoDraw = False
21.1001 	EXP 	background: image = 'D:\\收集箱\\图片\\三体\\timg.jpg'
21.1001 	EXP 	instruction: autoDraw = True
21.1001 	EXP 	toast: autoDraw = True
21.5685 	DATA 	Keypress: space
21.5704 	EXP 	New trial (rep=2, index=2): OrderedDict([('conditions', 2), ('image_file', 'D:\\收集箱\\图片\\三体\\红岸基地.jpg')])
21.6668 	EXP 	instruction: autoDraw = False
21.6668 	EXP 	background: autoDraw = False
21.6668 	EXP 	toast: autoDraw = False
21.6668 	EXP 	background: image = 'D:\\收集箱\\图片\\三体\\红岸基地.jpg'
21.6668 	EXP 	instruction: autoDraw = True
21.6668 	EXP 	toast: autoDraw = True
22.0675 	DATA 	Keypress: space
22.0687 	EXP 	New trial (rep=2, index=3): OrderedDict([('conditions', 3), ('image_file', 'D:\\收集箱\\图片\\三体\\三体.jpg')])
22.3013 	EXP 	instruction: autoDraw = False
22.3013 	EXP 	background: autoDraw = False
22.3013 	EXP 	toast: autoDraw = False
22.3013 	EXP 	background: image = 'D:\\收集箱\\图片\\三体\\三体.jpg'
22.3013 	EXP 	instruction: autoDraw = True
22.3013 	EXP 	toast: autoDraw = True
22.5011 	DATA 	Keypress: space
22.5022 	EXP 	New trial (rep=3, index=0): OrderedDict([('conditions', 1), ('image_file', 'D:\\收集箱\\图片\\三体\\timg.jpg')])
22.5849 	EXP 	instruction: autoDraw = False
22.5849 	EXP 	background: autoDraw = False
22.5849 	EXP 	toast: autoDraw = False
22.5849 	EXP 	background: image = 'D:\\收集箱\\图片\\三体\\timg.jpg'
22.5849 	EXP 	instruction: autoDraw = True
22.5849 	EXP 	toast: autoDraw = True
22.9345 	DATA 	Keypress: space
22.9353 	EXP 	New trial (rep=3, index=1): OrderedDict([('conditions', 2), ('image_file', 'D:\\收集箱\\图片\\三体\\红岸基地.jpg')])
23.0340 	EXP 	instruction: autoDraw = False
23.0340 	EXP 	background: autoDraw = False
23.0340 	EXP 	toast: autoDraw = False
23.0340 	EXP 	background: image = 'D:\\收集箱\\图片\\三体\\红岸基地.jpg'
23.0340 	EXP 	instruction: autoDraw = True
23.0340 	EXP 	toast: autoDraw = True
23.3677 	DATA 	Keypress: space
23.3689 	EXP 	New trial (rep=3, index=2): OrderedDict([('conditions', 4), ('image_file', 'D:\\收集箱\\图片\\三体\\三体2.png')])
23.5007 	EXP 	instruction: autoDraw = False
23.5007 	EXP 	background: autoDraw = False
23.5007 	EXP 	toast: autoDraw = False
23.5007 	EXP 	background: image = 'D:\\收集箱\\图片\\三体\\三体2.png'
23.5007 	EXP 	instruction: autoDraw = True
23.5007 	EXP 	toast: autoDraw = True
23.7509 	DATA 	Keypress: return
23.7667 	EXP 	background: autoDraw = True
24.2856 	DATA 	Keypress: return
24.7509 	DATA 	Keypress: return
25.2177 	DATA 	Keypress: return
25.6517 	DATA 	Keypress: return
26.1013 	DATA 	Keypress: return
26.5175 	DATA 	Keypress: space
26.5183 	EXP 	New trial (rep=3, index=3): OrderedDict([('conditions', 3), ('image_file', 'D:\\收集箱\\图片\\三体\\三体.jpg')])
26.6838 	EXP 	instruction: autoDraw = False
26.6838 	EXP 	background: autoDraw = False
26.6838 	EXP 	toast: autoDraw = False
26.6838 	EXP 	background: image = 'D:\\收集箱\\图片\\三体\\三体.jpg'
26.6838 	EXP 	instruction: autoDraw = True
26.6838 	EXP 	toast: autoDraw = True
27.0516 	DATA 	Keypress: space
27.0525 	EXP 	New trial (rep=4, index=0): OrderedDict([('conditions', 4), ('image_file', 'D:\\收集箱\\图片\\三体\\三体2.png')])
27.1669 	EXP 	instruction: autoDraw = False
27.1669 	EXP 	background: autoDraw = False
27.1669 	EXP 	toast: autoDraw = False
27.1669 	EXP 	background: image = 'D:\\收集箱\\图片\\三体\\三体2.png'
27.1669 	EXP 	instruction: autoDraw = True
27.1669 	EXP 	toast: autoDraw = True
27.4344 	DATA 	Keypress: space
27.4353 	EXP 	New trial (rep=4, index=1): OrderedDict([('conditions', 1), ('image_file', 'D:\\收集箱\\图片\\三体\\timg.jpg')])
27.5005 	EXP 	instruction: autoDraw = False
27.5005 	EXP 	background: autoDraw = False
27.5005 	EXP 	toast: autoDraw = False
27.5005 	EXP 	background: image = 'D:\\收集箱\\图片\\三体\\timg.jpg'
27.5005 	EXP 	instruction: autoDraw = True
27.5005 	EXP 	toast: autoDraw = True
27.8011 	DATA 	Keypress: space
27.8023 	EXP 	New trial (rep=4, index=2): OrderedDict([('conditions', 3), ('image_file', 'D:\\收集箱\\图片\\三体\\三体.jpg')])
27.9840 	EXP 	instruction: autoDraw = False
27.9840 	EXP 	background: autoDraw = False
27.9840 	EXP 	toast: autoDraw = False
27.9840 	EXP 	background: image = 'D:\\收集箱\\图片\\三体\\三体.jpg'
27.9840 	EXP 	instruction: autoDraw = True
27.9840 	EXP 	toast: autoDraw = True
28.1679 	DATA 	Keypress: space
28.1689 	EXP 	New trial (rep=4, index=3): OrderedDict([('conditions', 2), ('image_file', 'D:\\收集箱\\图片\\三体\\红岸基地.jpg')])
28.2506 	EXP 	instruction: autoDraw = False
28.2506 	EXP 	background: autoDraw = False
28.2506 	EXP 	toast: autoDraw = False
28.2506 	EXP 	background: image = 'D:\\收集箱\\图片\\三体\\红岸基地.jpg'
28.2506 	EXP 	instruction: autoDraw = True
28.2506 	EXP 	toast: autoDraw = True
28.4846 	DATA 	Keypress: space
28.6431 	EXP 	window1: mouseVisible = True
