6.7415 	WARNING 	User requested fullscreen with size [1024  768], but screen is actually [1920, 1080]. Using actual size
8.1624 	EXP 	Created window1 = Window(allowGUI=False, allowStencil=False, args=UNKNOWN, autoLog=True, bitsMode=UNKNOWN, blendMode='avg', color=array([0., 0., 0.]), colorSpace='rgb', fullscr=<method-wrapper '__getattribute__' of attributeSetter object at 0x0EFFDBB0>, gamma=None, kwargs=UNKNOWN, lms=UNKNOWN, monitor=<psychopy.monitors.calibTools.Monitor object at 0x1CD80DB0>, multiSample=False, name='window1', numSamples=2, pos=[0.0, 0.0], screen=0, size=array([1920, 1080]), stereo=False, units='norm', useFBO=True, useRetina=False, viewOri=0.0, viewPos=None, viewScale=None, waitBlanking=True, winType='pyglet')
8.1624 	EXP 	window1: recordFrameIntervals = False
8.3272 	EXP 	window1: recordFrameIntervals = True
8.5105 	EXP 	window1: recordFrameIntervals = False
8.8643 	EXP 	Created text = TextStim(__class__=<class 'psychopy.visual.text.TextStim'>, alignHoriz='center', alignVert='center', antialias=True, autoLog=True, bold=False, color='white', colorSpace='named', contrast=1.0, depth=0.0, flipHoriz=False, flipVert=False, font='Arial', fontFiles=[], height=0.1, italic=False, languageStyle='LTR', name='text', opacity=1.0, ori=0, pos=array([0., 0.]), rgb=array([255., 255., 255.]), text=str(...), units='norm', win=Window(...), wrapWidth=1)
8.8831 	EXP 	Created instruction = TextStim(__class__=<class 'psychopy.visual.text.TextStim'>, alignHoriz='center', alignVert='center', antialias=True, autoLog=True, bold=False, color='white', colorSpace='named', contrast=1.0, depth=0.0, flipHoriz=False, flipVert=False, font='Arial', fontFiles=[], height=0.1, italic=False, languageStyle='LTR', name='instruction', opacity=1.0, ori=0, pos=array([0. , 0.8]), rgb=array([255., 255., 255.]), text='指导语：\n现在你想要连接wifi', units='norm', win=Window(...), wrapWidth=1)
8.9356 	EXP 	Created background = ImageStim(__class__=<class 'psychopy.visual.image.ImageStim'>, autoLog=True, color=array([1., 1., 1.]), colorSpace='rgb', contrast=1.0, depth=-1.0, flipHoriz=False, flipVert=False, image='sin', interpolate=True, mask=None, maskParams=None, name='background', opacity=1.0, ori=0.0, pos=array([0., 0.]), size=array([1., 1.]), texRes=128, units='norm', win=Window(...))
8.9410 	EXP 	Created toast = ImageStim(__class__=<class 'psychopy.visual.image.ImageStim'>, autoLog=True, color=array([1., 1., 1.]), colorSpace='rgb', contrast=1.0, depth=-2.0, flipHoriz=False, flipVert=False, image=str(...), interpolate=True, mask=None, maskParams=None, name='toast', opacity=1.0, ori=0.0, pos=array([ 0. , -0.3]), size=array([0.5, 0.2]), texRes=128, units='norm', win=Window(...))
8.9611 	EXP 	text: autoDraw = True
14.2951 	DATA 	Keypress: space
14.4887 	EXP 	Imported ..\..\收集箱\toast study\conditions.xlsx as conditions, 4 conditions, 2 params
14.4969 	EXP 	Created sequence: random, trialTypes=4, nReps=5, seed=None
14.4975 	EXP 	New trial (rep=0, index=0): OrderedDict([('conditions', 3), ('image_file', 'D:\\收集箱\\图片\\三体\\三体.jpg')])
14.7444 	EXP 	text: autoDraw = False
14.7444 	EXP 	background: image = 'D:\\收集箱\\图片\\三体\\三体.jpg'
14.7444 	EXP 	instruction: autoDraw = True
14.7444 	EXP 	background: autoDraw = True
16.5278 	EXP 	toast: autoDraw = True
21.5113 	EXP 	toast: autoDraw = False
22.4969 	DATA 	Keypress: space
22.5097 	EXP 	New trial (rep=0, index=1): OrderedDict([('conditions', 4), ('image_file', 'D:\\收集箱\\图片\\三体\\三体2.png')])
22.6613 	EXP 	instruction: autoDraw = False
22.6613 	EXP 	background: autoDraw = False
22.6613 	EXP 	toast: autoDraw = False
22.6613 	EXP 	background: image = 'D:\\收集箱\\图片\\三体\\三体2.png'
22.6613 	EXP 	instruction: autoDraw = True
22.6613 	EXP 	background: autoDraw = True
24.5299 	EXP 	toast: autoDraw = True
26.5295 	DATA 	Keypress: space
26.5304 	EXP 	New trial (rep=0, index=2): OrderedDict([('conditions', 2), ('image_file', 'D:\\收集箱\\图片\\三体\\红岸基地.jpg')])
26.6452 	EXP 	instruction: autoDraw = False
26.6452 	EXP 	background: autoDraw = False
26.6452 	EXP 	toast: autoDraw = False
26.6452 	EXP 	background: image = 'D:\\收集箱\\图片\\三体\\红岸基地.jpg'
26.6452 	EXP 	instruction: autoDraw = True
26.6452 	EXP 	background: autoDraw = True
26.7959 	DATA 	Keypress: escape
27.0052 	EXP 	window1: mouseVisible = True
