7.9816 	WARNING 	User requested fullscreen with size [1024  768], but screen is actually [1920, 1080]. Using actual size
9.1576 	EXP 	Created window1 = Window(allowGUI=False, allowStencil=False, args=UNKNOWN, autoLog=True, bitsMode=UNKNOWN, blendMode='avg', color=array([0., 0., 0.]), colorSpace='rgb', fullscr=<method-wrapper '__getattribute__' of attributeSetter object at 0x0F1E9D30>, gamma=None, kwargs=UNKNOWN, lms=UNKNOWN, monitor=<psychopy.monitors.calibTools.Monitor object at 0x1C680F30>, multiSample=False, name='window1', numSamples=2, pos=[0.0, 0.0], screen=0, size=array([1920, 1080]), stereo=False, units='norm', useFBO=True, useRetina=False, viewOri=0.0, viewPos=None, viewScale=None, waitBlanking=True, winType='pyglet')
9.1577 	EXP 	window1: recordFrameIntervals = False
9.3404 	EXP 	window1: recordFrameIntervals = True
9.5071 	WARNING 	t of last frame was 33.36ms (=1/29)
9.6748 	EXP 	window1: recordFrameIntervals = False
9.8258 	EXP 	Created text = TextStim(__class__=<class 'psychopy.visual.text.TextStim'>, alignHoriz='center', alignVert='center', antialias=True, autoLog=True, bold=False, color='white', colorSpace='named', contrast=1.0, depth=0.0, flipHoriz=False, flipVert=False, font='Arial', fontFiles=[], height=0.1, italic=False, languageStyle='LTR', name='text', opacity=1.0, ori=0, pos=array([0., 0.]), rgb=array([255., 255., 255.]), text=str(...), units='norm', win=Window(...), wrapWidth=1)
9.8468 	EXP 	Created instruction = TextStim(__class__=<class 'psychopy.visual.text.TextStim'>, alignHoriz='center', alignVert='center', antialias=True, autoLog=True, bold=False, color='white', colorSpace='named', contrast=1.0, depth=0.0, flipHoriz=False, flipVert=False, font='Arial', fontFiles=[], height=0.1, italic=False, languageStyle='LTR', name='instruction', opacity=1.0, ori=0, pos=array([0. , 0.8]), rgb=array([255., 255., 255.]), text='指导语：\n现在你想要连接wifi', units='norm', win=Window(...), wrapWidth=1)
9.8559 	EXP 	Created background = ImageStim(__class__=<class 'psychopy.visual.image.ImageStim'>, autoLog=True, color=array([1., 1., 1.]), colorSpace='rgb', contrast=1.0, depth=-1.0, flipHoriz=False, flipVert=False, image='sin', interpolate=True, mask=None, maskParams=None, name='background', opacity=1.0, ori=0.0, pos=array([0., 0.]), size=array([1., 1.]), texRes=128, units='norm', win=Window(...))
9.8591 	EXP 	Created toast = ImageStim(__class__=<class 'psychopy.visual.image.ImageStim'>, autoLog=True, color=array([1., 1., 1.]), colorSpace='rgb', contrast=1.0, depth=-2.0, flipHoriz=False, flipVert=False, image=str(...), interpolate=True, mask=None, maskParams=None, name='toast', opacity=1.0, ori=0.0, pos=array([ 0. , -0.3]), size=array([0.5, 0.2]), texRes=128, units='norm', win=Window(...))
9.8787 	EXP 	Created Start = TextStim(__class__=<class 'psychopy.visual.text.TextStim'>, alignHoriz='center', alignVert='center', antialias=True, autoLog=True, bold=False, color='white', colorSpace='named', contrast=1.0, depth=0.0, flipHoriz=False, flipVert=False, font='Arial', fontFiles=[], height=0.1, italic=False, languageStyle='LTR', name='Start', opacity=1.0, ori=0, pos=array([0., 0.]), rgb=array([255., 255., 255.]), text='正式实验开始！\n\n按“空格键”继续。', units='norm', win=Window(...), wrapWidth=1)
9.9071 	EXP 	text: autoDraw = True
16.2750 	DATA 	Keypress: space
16.3906 	EXP 	Imported ..\..\收集箱\toast study\conditions.xlsx as conditions, 4 conditions, 2 params
16.3913 	EXP 	Created sequence: random, trialTypes=4, nReps=5, seed=None
16.3917 	EXP 	New trial (rep=0, index=0): OrderedDict([('conditions', 1), ('image_file', 'D:\\收集箱\\图片\\三体\\timg.jpg')])
16.4743 	EXP 	text: autoDraw = False
16.4743 	EXP 	background: image = 'D:\\收集箱\\图片\\三体\\timg.jpg'
16.4743 	EXP 	instruction: autoDraw = True
16.4743 	EXP 	background: autoDraw = True
18.4244 	EXP 	toast: autoDraw = True
19.1918 	DATA 	Keypress: return
21.1753 	DATA 	Keypress: return
22.3924 	DATA 	Keypress: space
22.3935 	EXP 	New trial (rep=0, index=1): OrderedDict([('conditions', 2), ('image_file', 'D:\\收集箱\\图片\\三体\\红岸基地.jpg')])
22.4914 	EXP 	instruction: autoDraw = False
22.4914 	EXP 	background: autoDraw = False
22.4914 	EXP 	toast: autoDraw = False
22.4914 	EXP 	background: image = 'D:\\收集箱\\图片\\三体\\红岸基地.jpg'
22.4914 	EXP 	instruction: autoDraw = True
22.4914 	EXP 	background: autoDraw = True
24.4248 	EXP 	toast: autoDraw = True
26.1600 	DATA 	Keypress: space
26.1619 	EXP 	New trial (rep=0, index=2): OrderedDict([('conditions', 4), ('image_file', 'D:\\收集箱\\图片\\三体\\三体2.png')])
26.3255 	EXP 	instruction: autoDraw = False
26.3255 	EXP 	background: autoDraw = False
26.3255 	EXP 	toast: autoDraw = False
26.3255 	EXP 	background: image = 'D:\\收集箱\\图片\\三体\\三体2.png'
26.3255 	EXP 	instruction: autoDraw = True
26.3255 	EXP 	background: autoDraw = True
26.8619 	DATA 	Keypress: escape
27.1566 	EXP 	window1: mouseVisible = True
