9.1307 	WARNING 	User requested fullscreen with size [1024  768], but screen is actually [1920, 1080]. Using actual size
10.3576 	EXP 	Created window1 = Window(allowGUI=False, allowStencil=False, args=UNKNOWN, autoLog=True, bitsMode=UNKNOWN, blendMode='avg', color=array([0., 0., 0.]), colorSpace='rgb', fullscr=<method-wrapper '__getattribute__' of attributeSetter object at 0x0F467F50>, gamma=None, kwargs=UNKNOWN, lms=UNKNOWN, monitor=<psychopy.monitors.calibTools.Monitor object at 0x1A7B2150>, multiSample=False, name='window1', numSamples=2, pos=[0.0, 0.0], screen=0, size=array([1920, 1080]), stereo=False, units='norm', useFBO=True, useRetina=False, viewOri=0.0, viewPos=None, viewScale=None, waitBlanking=True, winType='pyglet')
10.3576 	EXP 	window1: recordFrameIntervals = False
10.5241 	EXP 	window1: recordFrameIntervals = True
10.7076 	EXP 	window1: recordFrameIntervals = False
10.9558 	EXP 	Created text = TextStim(__class__=<class 'psychopy.visual.text.TextStim'>, alignHoriz='center', alignVert='center', antialias=True, autoLog=True, bold=False, color='white', colorSpace='named', contrast=1.0, depth=0.0, flipHoriz=False, flipVert=False, font='Arial', fontFiles=[], height=0.1, italic=False, languageStyle='LTR', name='text', opacity=1.0, ori=0, pos=array([0., 0.]), rgb=array([255., 255., 255.]), text=str(...), units='norm', win=Window(...), wrapWidth=1)
10.9687 	EXP 	Created instruction = TextStim(__class__=<class 'psychopy.visual.text.TextStim'>, alignHoriz='center', alignVert='center', antialias=True, autoLog=True, bold=False, color='white', colorSpace='named', contrast=1.0, depth=0.0, flipHoriz=False, flipVert=False, font='Arial', fontFiles=[], height=0.1, italic=False, languageStyle='LTR', name='instruction', opacity=1.0, ori=0, pos=array([0. , 0.8]), rgb=array([255., 255., 255.]), text='指导语：\n现在你想要连接wifi', units='norm', win=Window(...), wrapWidth=1)
10.9753 	EXP 	Created background = ImageStim(__class__=<class 'psychopy.visual.image.ImageStim'>, autoLog=True, color=array([1., 1., 1.]), colorSpace='rgb', contrast=1.0, depth=-1.0, flipHoriz=False, flipVert=False, image='sin', interpolate=True, mask=None, maskParams=None, name='background', opacity=1.0, ori=0.0, pos=array([0., 0.]), size=array([1., 1.]), texRes=128, units='norm', win=Window(...))
10.9791 	EXP 	Created toast = ImageStim(__class__=<class 'psychopy.visual.image.ImageStim'>, autoLog=True, color=array([1., 1., 1.]), colorSpace='rgb', contrast=1.0, depth=-2.0, flipHoriz=False, flipVert=False, image='material\\320.png', interpolate=True, mask=None, maskParams=None, name='toast', opacity=1.0, ori=0.0, pos=array([ 0. , -0.3]), size=array([0.5, 0.2]), texRes=128, units='norm', win=Window(...))
10.9915 	EXP 	Created Start = TextStim(__class__=<class 'psychopy.visual.text.TextStim'>, alignHoriz='center', alignVert='center', antialias=True, autoLog=True, bold=False, color='white', colorSpace='named', contrast=1.0, depth=0.0, flipHoriz=False, flipVert=False, font='Arial', fontFiles=[], height=0.1, italic=False, languageStyle='LTR', name='Start', opacity=1.0, ori=0, pos=array([0., 0.]), rgb=array([255., 255., 255.]), text='正式实验开始！\n\n\n按“空格键”继续。', units='norm', win=Window(...), wrapWidth=1)
11.0006 	EXP 	Created scene = TextStim(__class__=<class 'psychopy.visual.text.TextStim'>, alignHoriz='center', alignVert='center', antialias=True, autoLog=True, bold=False, color='white', colorSpace='named', contrast=1.0, depth=0.0, flipHoriz=False, flipVert=False, font='Arial', fontFiles=[], height=0.1, italic=False, languageStyle='LTR', name='scene', opacity=1.0, ori=0, pos=array([0. , 0.8]), rgb=array([255., 255., 255.]), text='现在你想播放音乐\n', units='norm', win=Window(...), wrapWidth=1)
11.0014 	EXP 	Created image = ImageStim(__class__=<class 'psychopy.visual.image.ImageStim'>, autoLog=True, color=array([1., 1., 1.]), colorSpace='rgb', contrast=1.0, depth=-1.0, flipHoriz=False, flipVert=False, image=None, interpolate=True, mask=None, maskParams=None, name='image', opacity=1.0, ori=0.0, pos=array([0., 0.]), size=array([0.5, 0.5]), texRes=128, units='norm', win=Window(...))
11.0031 	EXP 	Created image_2 = ImageStim(__class__=<class 'psychopy.visual.image.ImageStim'>, autoLog=True, color=array([1., 1., 1.]), colorSpace='rgb', contrast=1.0, depth=-2.0, flipHoriz=False, flipVert=False, image=None, interpolate=True, mask=None, maskParams=None, name='image_2', opacity=1.0, ori=0.0, pos=array([0., 0.]), size=array([0.5, 0.5]), texRes=128, units='norm', win=Window(...))
11.0074 	EXP 	text: autoDraw = True
11.7583 	DATA 	Keypress: space
11.7820 	EXP 	Imported conditions.xlsx as conditions, 4 conditions, 2 params
11.7822 	EXP 	Created sequence: random, trialTypes=4, nReps=1, seed=None
11.7827 	EXP 	New trial (rep=0, index=0): OrderedDict([('conditions', 1), ('image_file', 'material\\timg.jpg')])
11.8918 	EXP 	text: autoDraw = False
11.8918 	EXP 	background: image = 'material\\timg.jpg'
11.8918 	EXP 	instruction: autoDraw = True
12.7746 	DATA 	Keypress: space
13.8076 	EXP 	background: autoDraw = True
14.8075 	EXP 	toast: autoDraw = True
15.3746 	DATA 	Keypress: space
15.3755 	EXP 	New trial (rep=0, index=1): OrderedDict([('conditions', 4), ('image_file', 'material\\三体2.png')])
15.4909 	EXP 	instruction: autoDraw = False
15.4909 	EXP 	background: autoDraw = False
15.4909 	EXP 	toast: autoDraw = False
15.4909 	EXP 	background: image = 'material\\三体2.png'
15.4909 	EXP 	instruction: autoDraw = True
17.4077 	EXP 	background: autoDraw = True
18.3911 	EXP 	toast: autoDraw = True
18.8087 	DATA 	Keypress: space
18.8098 	EXP 	New trial (rep=0, index=2): OrderedDict([('conditions', 3), ('image_file', 'material\\三体.jpg')])
19.0583 	EXP 	instruction: autoDraw = False
19.0583 	EXP 	background: autoDraw = False
19.0583 	EXP 	toast: autoDraw = False
19.0583 	EXP 	background: image = 'material\\三体.jpg'
19.0583 	EXP 	instruction: autoDraw = True
20.8413 	EXP 	background: autoDraw = True
21.8414 	EXP 	toast: autoDraw = True
22.5922 	DATA 	Keypress: space
22.5931 	EXP 	New trial (rep=0, index=3): OrderedDict([('conditions', 2), ('image_file', 'material\\红岸基地.jpg')])
22.6923 	EXP 	instruction: autoDraw = False
22.6923 	EXP 	background: autoDraw = False
22.6923 	EXP 	toast: autoDraw = False
22.6923 	EXP 	background: image = 'material\\红岸基地.jpg'
22.6923 	EXP 	instruction: autoDraw = True
24.6249 	EXP 	background: autoDraw = True
25.6249 	EXP 	toast: autoDraw = True
25.8926 	DATA 	Keypress: space
25.9083 	EXP 	instruction: autoDraw = False
25.9083 	EXP 	background: autoDraw = False
25.9083 	EXP 	toast: autoDraw = False
25.9083 	EXP 	Start: autoDraw = True
26.9663 	DATA 	Keypress: space
26.9670 	EXP 	Created sequence: random, trialTypes=1, nReps=1, seed=None
26.9673 	EXP 	New trial (rep=0, index=0): None
26.9757 	EXP 	Start: autoDraw = False
26.9757 	EXP 	scene: autoDraw = True
26.9757 	EXP 	image: autoDraw = True
26.9757 	EXP 	image_2: autoDraw = True
27.9753 	EXP 	image_2: autoDraw = False
28.2760 	DATA 	Keypress: space
28.4803 	EXP 	window1: mouseVisible = True
