8.6179 	WARNING 	User requested fullscreen with size [1024  768], but screen is actually [1920, 1080]. Using actual size
9.6896 	EXP 	Created window1 = Window(allowGUI=False, allowStencil=False, args=UNKNOWN, autoLog=True, bitsMode=UNKNOWN, blendMode='avg', color=array([0., 0., 0.]), colorSpace='rgb', fullscr=<method-wrapper '__getattribute__' of attributeSetter object at 0x0E377EF0>, gamma=None, kwargs=UNKNOWN, lms=UNKNOWN, monitor=<psychopy.monitors.calibTools.Monitor object at 0x197420F0>, multiSample=False, name='window1', numSamples=2, pos=[0.0, 0.0], screen=0, size=array([1920, 1080]), stereo=False, units='norm', useFBO=True, useRetina=False, viewOri=0.0, viewPos=None, viewScale=None, waitBlanking=True, winType='pyglet')
9.6896 	EXP 	window1: recordFrameIntervals = False
9.8560 	EXP 	window1: recordFrameIntervals = True
10.0395 	EXP 	window1: recordFrameIntervals = False
10.2088 	EXP 	Created text = TextStim(__class__=<class 'psychopy.visual.text.TextStim'>, alignHoriz='center', alignVert='center', antialias=True, autoLog=True, bold=False, color='white', colorSpace='named', contrast=1.0, depth=0.0, flipHoriz=False, flipVert=False, font='Arial', fontFiles=[], height=0.1, italic=False, languageStyle='LTR', name='text', opacity=1.0, ori=0, pos=array([0., 0.]), rgb=array([255., 255., 255.]), text=str(...), units='norm', win=Window(...), wrapWidth=1)
10.2307 	EXP 	Created instruction = TextStim(__class__=<class 'psychopy.visual.text.TextStim'>, alignHoriz='center', alignVert='center', antialias=True, autoLog=True, bold=False, color='white', colorSpace='named', contrast=1.0, depth=0.0, flipHoriz=False, flipVert=False, font='Arial', fontFiles=[], height=0.1, italic=False, languageStyle='LTR', name='instruction', opacity=1.0, ori=0, pos=array([0. , 0.8]), rgb=array([255., 255., 255.]), text='指导语：\n现在你想要连接wifi', units='norm', win=Window(...), wrapWidth=1)
10.2356 	EXP 	Created background = ImageStim(__class__=<class 'psychopy.visual.image.ImageStim'>, autoLog=True, color=array([1., 1., 1.]), colorSpace='rgb', contrast=1.0, depth=-1.0, flipHoriz=False, flipVert=False, image='sin', interpolate=True, mask=None, maskParams=None, name='background', opacity=1.0, ori=0.0, pos=array([0., 0.]), size=array([1., 1.]), texRes=128, units='norm', win=Window(...))
10.2389 	EXP 	Created toast = ImageStim(__class__=<class 'psychopy.visual.image.ImageStim'>, autoLog=True, color=array([1., 1., 1.]), colorSpace='rgb', contrast=1.0, depth=-2.0, flipHoriz=False, flipVert=False, image='material\\320.png', interpolate=True, mask=None, maskParams=None, name='toast', opacity=1.0, ori=0.0, pos=array([ 0. , -0.3]), size=array([0.5, 0.2]), texRes=128, units='norm', win=Window(...))
10.2574 	EXP 	Created Start = TextStim(__class__=<class 'psychopy.visual.text.TextStim'>, alignHoriz='center', alignVert='center', antialias=True, autoLog=True, bold=False, color='white', colorSpace='named', contrast=1.0, depth=0.0, flipHoriz=False, flipVert=False, font='Arial', fontFiles=[], height=0.1, italic=False, languageStyle='LTR', name='Start', opacity=1.0, ori=0, pos=array([0., 0.]), rgb=array([255., 255., 255.]), text='正式实验开始！\n\n\n按“空格键”继续。', units='norm', win=Window(...), wrapWidth=1)
10.2723 	EXP 	Created scene = TextStim(__class__=<class 'psychopy.visual.text.TextStim'>, alignHoriz='center', alignVert='center', antialias=True, autoLog=True, bold=False, color='white', colorSpace='named', contrast=1.0, depth=0.0, flipHoriz=False, flipVert=False, font='Arial', fontFiles=[], height=0.1, italic=False, languageStyle='LTR', name='scene', opacity=1.0, ori=0, pos=array([0. , 0.8]), rgb=array([255., 255., 255.]), text='现在你想播放音乐\n', units='norm', win=Window(...), wrapWidth=1)
10.2740 	EXP 	Created image = ImageStim(__class__=<class 'psychopy.visual.image.ImageStim'>, autoLog=True, color=array([1., 1., 1.]), colorSpace='rgb', contrast=1.0, depth=-1.0, flipHoriz=False, flipVert=False, image=None, interpolate=True, mask=None, maskParams=None, name='image', opacity=1.0, ori=0.0, pos=array([0., 0.]), size=array([0.5, 0.5]), texRes=128, units='norm', win=Window(...))
10.2755 	EXP 	Created image_2 = ImageStim(__class__=<class 'psychopy.visual.image.ImageStim'>, autoLog=True, color=array([1., 1., 1.]), colorSpace='rgb', contrast=1.0, depth=-2.0, flipHoriz=False, flipVert=False, image=None, interpolate=True, mask=None, maskParams=None, name='image_2', opacity=1.0, ori=0.0, pos=array([0., 0.]), size=array([0.5, 0.5]), texRes=128, units='norm', win=Window(...))
10.2891 	EXP 	text: autoDraw = True
11.2730 	DATA 	Keypress: space
11.2938 	EXP 	Imported conditions.xlsx as conditions, 4 conditions, 2 params
11.2942 	EXP 	Created sequence: random, trialTypes=4, nReps=1, seed=None
11.2946 	EXP 	New trial (rep=0, index=0): OrderedDict([('conditions', 2), ('image_file', 'material\\红岸基地.jpg')])
11.3895 	EXP 	text: autoDraw = False
11.3895 	EXP 	background: image = 'material\\红岸基地.jpg'
11.3895 	EXP 	instruction: autoDraw = True
13.3229 	EXP 	background: autoDraw = True
14.3227 	EXP 	toast: autoDraw = True
14.8423 	DATA 	Keypress: space
14.8432 	EXP 	New trial (rep=0, index=1): OrderedDict([('conditions', 1), ('image_file', 'material\\timg.jpg')])
14.9394 	EXP 	instruction: autoDraw = False
14.9394 	EXP 	background: autoDraw = False
14.9394 	EXP 	toast: autoDraw = False
14.9394 	EXP 	background: image = 'material\\timg.jpg'
14.9394 	EXP 	instruction: autoDraw = True
16.8730 	EXP 	background: autoDraw = True
17.8730 	EXP 	toast: autoDraw = True
18.3416 	DATA 	Keypress: space
18.3421 	EXP 	New trial (rep=0, index=2): OrderedDict([('conditions', 4), ('image_file', 'material\\三体2.png')])
18.4399 	EXP 	instruction: autoDraw = False
18.4399 	EXP 	background: autoDraw = False
18.4399 	EXP 	toast: autoDraw = False
18.4399 	EXP 	background: image = 'material\\三体2.png'
18.4399 	EXP 	instruction: autoDraw = True
20.3734 	EXP 	background: autoDraw = True
21.3734 	EXP 	toast: autoDraw = True
21.6243 	DATA 	Keypress: space
21.6251 	EXP 	New trial (rep=0, index=3): OrderedDict([('conditions', 3), ('image_file', 'material\\三体.jpg')])
21.8569 	EXP 	instruction: autoDraw = False
21.8569 	EXP 	background: autoDraw = False
21.8569 	EXP 	toast: autoDraw = False
21.8569 	EXP 	background: image = 'material\\三体.jpg'
21.8569 	EXP 	instruction: autoDraw = True
23.6567 	EXP 	background: autoDraw = True
24.6568 	EXP 	toast: autoDraw = True
25.0575 	DATA 	Keypress: space
25.0735 	EXP 	instruction: autoDraw = False
25.0735 	EXP 	background: autoDraw = False
25.0735 	EXP 	toast: autoDraw = False
25.0735 	EXP 	Start: autoDraw = True
26.1245 	DATA 	Keypress: space
26.1403 	EXP 	Start: autoDraw = False
26.1403 	EXP 	scene: autoDraw = True
26.1403 	EXP 	image: autoDraw = True
26.1403 	EXP 	image_2: autoDraw = True
27.1403 	EXP 	image_2: autoDraw = False
28.8583 	DATA 	Keypress: space
29.0286 	EXP 	window1: mouseVisible = True
