8.4166 	WARNING 	User requested fullscreen with size [1024  768], but screen is actually [1920, 1080]. Using actual size
9.6790 	EXP 	Created window1 = Window(allowGUI=False, allowStencil=False, args=UNKNOWN, autoLog=True, bitsMode=UNKNOWN, blendMode='avg', color=array([0., 0., 0.]), colorSpace='rgb', fullscr=<method-wrapper '__getattribute__' of attributeSetter object at 0x0EFE6F10>, gamma=None, kwargs=UNKNOWN, lms=UNKNOWN, monitor=<psychopy.monitors.calibTools.Monitor object at 0x1C7E2150>, multiSample=False, name='window1', numSamples=2, pos=[0.0, 0.0], screen=0, size=array([1920, 1080]), stereo=False, units='norm', useFBO=True, useRetina=False, viewOri=0.0, viewPos=None, viewScale=None, waitBlanking=True, winType='pyglet')
9.6791 	EXP 	window1: recordFrameIntervals = False
9.8619 	EXP 	window1: recordFrameIntervals = True
9.9117 	WARNING 	t of last frame was 33.39ms (=1/29)
10.0285 	WARNING 	t of last frame was 33.47ms (=1/29)
10.1954 	EXP 	window1: recordFrameIntervals = False
10.3386 	EXP 	Created text = TextStim(__class__=<class 'psychopy.visual.text.TextStim'>, alignHoriz='center', alignVert='center', antialias=True, autoLog=True, bold=False, color='white', colorSpace='named', contrast=1.0, depth=0.0, flipHoriz=False, flipVert=False, font='Arial', fontFiles=[], height=0.1, italic=False, languageStyle='LTR', name='text', opacity=1.0, ori=0, pos=array([0., 0.]), rgb=array([255., 255., 255.]), text=str(...), units='norm', win=Window(...), wrapWidth=1)
10.3549 	EXP 	Created instruction = TextStim(__class__=<class 'psychopy.visual.text.TextStim'>, alignHoriz='center', alignVert='center', antialias=True, autoLog=True, bold=False, color='white', colorSpace='named', contrast=1.0, depth=0.0, flipHoriz=False, flipVert=False, font='Arial', fontFiles=[], height=0.1, italic=False, languageStyle='LTR', name='instruction', opacity=1.0, ori=0, pos=array([0. , 0.8]), rgb=array([255., 255., 255.]), text='指导语：\n现在你想要连接wifi', units='norm', win=Window(...), wrapWidth=1)
10.3603 	EXP 	Created background = ImageStim(__class__=<class 'psychopy.visual.image.ImageStim'>, autoLog=True, color=array([1., 1., 1.]), colorSpace='rgb', contrast=1.0, depth=-1.0, flipHoriz=False, flipVert=False, image='sin', interpolate=True, mask=None, maskParams=None, name='background', opacity=1.0, ori=0.0, pos=array([0., 0.]), size=array([1., 1.]), texRes=128, units='norm', win=Window(...))
10.3647 	EXP 	Created toast = ImageStim(__class__=<class 'psychopy.visual.image.ImageStim'>, autoLog=True, color=array([1., 1., 1.]), colorSpace='rgb', contrast=1.0, depth=-2.0, flipHoriz=False, flipVert=False, image=str(...), interpolate=True, mask=None, maskParams=None, name='toast', opacity=1.0, ori=0.0, pos=array([ 0. , -0.3]), size=array([0.5, 0.2]), texRes=128, units='norm', win=Window(...))
10.3810 	EXP 	Created Start = TextStim(__class__=<class 'psychopy.visual.text.TextStim'>, alignHoriz='center', alignVert='center', antialias=True, autoLog=True, bold=False, color='white', colorSpace='named', contrast=1.0, depth=0.0, flipHoriz=False, flipVert=False, font='Arial', fontFiles=[], height=0.1, italic=False, languageStyle='LTR', name='Start', opacity=1.0, ori=0, pos=array([0., 0.]), rgb=array([255., 255., 255.]), text='正式实验开始！\n\n\n按“空格键”继续。', units='norm', win=Window(...), wrapWidth=1)
10.3933 	EXP 	Created scene = TextStim(__class__=<class 'psychopy.visual.text.TextStim'>, alignHoriz='center', alignVert='center', antialias=True, autoLog=True, bold=False, color='white', colorSpace='named', contrast=1.0, depth=0.0, flipHoriz=False, flipVert=False, font='Arial', fontFiles=[], height=0.1, italic=False, languageStyle='LTR', name='scene', opacity=1.0, ori=0, pos=array([0., 0.]), rgb=array([255., 255., 255.]), text='现在你想播放音乐\n', units='norm', win=Window(...), wrapWidth=1)
10.3950 	EXP 	Created image = ImageStim(__class__=<class 'psychopy.visual.image.ImageStim'>, autoLog=True, color=array([1., 1., 1.]), colorSpace='rgb', contrast=1.0, depth=-1.0, flipHoriz=False, flipVert=False, image=None, interpolate=True, mask=None, maskParams=None, name='image', opacity=1.0, ori=0.0, pos=array([0., 0.]), size=array([0.5, 0.5]), texRes=128, units='norm', win=Window(...))
10.3965 	EXP 	Created image_2 = ImageStim(__class__=<class 'psychopy.visual.image.ImageStim'>, autoLog=True, color=array([1., 1., 1.]), colorSpace='rgb', contrast=1.0, depth=-2.0, flipHoriz=False, flipVert=False, image=None, interpolate=True, mask=None, maskParams=None, name='image_2', opacity=1.0, ori=0.0, pos=array([0., 0.]), size=array([0.5, 0.5]), texRes=128, units='norm', win=Window(...))
10.4117 	EXP 	text: autoDraw = True
12.0129 	DATA 	Keypress: space
12.0665 	EXP 	Imported ..\..\收集箱\toast study\conditions.xlsx as conditions, 4 conditions, 2 params
12.0668 	EXP 	Created sequence: random, trialTypes=4, nReps=1, seed=None
12.0672 	EXP 	New trial (rep=0, index=0): OrderedDict([('conditions', 4), ('image_file', 'D:\\收集箱\\图片\\三体\\三体2.png')])
12.2286 	EXP 	text: autoDraw = False
12.2286 	EXP 	background: image = 'D:\\收集箱\\图片\\三体\\三体2.png'
12.2286 	EXP 	instruction: autoDraw = True
14.0960 	EXP 	background: autoDraw = True
14.3642 	DATA 	Keypress: space
14.3658 	EXP 	New trial (rep=0, index=1): OrderedDict([('conditions', 3), ('image_file', 'D:\\收集箱\\图片\\三体\\三体.jpg')])
14.6293 	EXP 	instruction: autoDraw = False
14.6293 	EXP 	background: autoDraw = False
14.6293 	EXP 	toast: autoDraw = False
14.6293 	EXP 	background: image = 'D:\\收集箱\\图片\\三体\\三体.jpg'
14.6293 	EXP 	instruction: autoDraw = True
16.3956 	EXP 	background: autoDraw = True
16.6631 	DATA 	Keypress: space
16.6638 	EXP 	New trial (rep=0, index=2): OrderedDict([('conditions', 2), ('image_file', 'D:\\收集箱\\图片\\三体\\红岸基地.jpg')])
16.7794 	EXP 	instruction: autoDraw = False
16.7794 	EXP 	background: autoDraw = False
16.7794 	EXP 	toast: autoDraw = False
16.7794 	EXP 	background: image = 'D:\\收集箱\\图片\\三体\\红岸基地.jpg'
16.7794 	EXP 	instruction: autoDraw = True
18.6957 	EXP 	background: autoDraw = True
19.2637 	DATA 	Keypress: space
19.2646 	EXP 	New trial (rep=0, index=3): OrderedDict([('conditions', 1), ('image_file', 'D:\\收集箱\\图片\\三体\\timg.jpg')])
19.3467 	EXP 	instruction: autoDraw = False
19.3467 	EXP 	background: autoDraw = False
19.3467 	EXP 	toast: autoDraw = False
19.3467 	EXP 	background: image = 'D:\\收集箱\\图片\\三体\\timg.jpg'
19.3467 	EXP 	instruction: autoDraw = True
21.2960 	EXP 	background: autoDraw = True
22.2960 	EXP 	toast: autoDraw = True
22.5633 	DATA 	Keypress: space
22.5795 	EXP 	instruction: autoDraw = False
22.5795 	EXP 	background: autoDraw = False
22.5795 	EXP 	toast: autoDraw = False
22.5795 	EXP 	Start: autoDraw = True
26.1305 	DATA 	Keypress: space
26.1312 	EXP 	Created sequence: random, trialTypes=1, nReps=1, seed=None
26.1314 	EXP 	New trial (rep=0, index=0): None
26.1462 	EXP 	Start: autoDraw = False
26.1462 	EXP 	scene: autoDraw = True
26.1462 	EXP 	image: autoDraw = True
26.1462 	EXP 	image_2: autoDraw = True
27.1463 	EXP 	image_2: autoDraw = False
31.2639 	DATA 	Keypress: space
31.5584 	EXP 	window1: mouseVisible = True
