6.9327 	WARNING 	User requested fullscreen with size [1024  768], but screen is actually [1920, 1080]. Using actual size
8.1900 	EXP 	Created window1 = Window(allowGUI=False, allowStencil=False, args=UNKNOWN, autoLog=True, bitsMode=UNKNOWN, blendMode='avg', color=array([0., 0., 0.]), colorSpace='rgb', fullscr=<method-wrapper '__getattribute__' of attributeSetter object at 0x0F1E7F10>, gamma=None, kwargs=UNKNOWN, lms=UNKNOWN, monitor=<psychopy.monitors.calibTools.Monitor object at 0x1CB82130>, multiSample=False, name='window1', numSamples=2, pos=[0.0, 0.0], screen=0, size=array([1920, 1080]), stereo=False, units='norm', useFBO=True, useRetina=False, viewOri=0.0, viewPos=None, viewScale=None, waitBlanking=True, winType='pyglet')
8.1900 	EXP 	window1: recordFrameIntervals = False
8.3727 	EXP 	window1: recordFrameIntervals = True
8.5564 	EXP 	window1: recordFrameIntervals = False
8.7020 	EXP 	Created text = TextStim(__class__=<class 'psychopy.visual.text.TextStim'>, alignHoriz='center', alignVert='center', antialias=True, autoLog=True, bold=False, color='white', colorSpace='named', contrast=1.0, depth=0.0, flipHoriz=False, flipVert=False, font='Arial', fontFiles=[], height=0.1, italic=False, languageStyle='LTR', name='text', opacity=1.0, ori=0, pos=array([0., 0.]), rgb=array([255., 255., 255.]), text=str(...), units='norm', win=Window(...), wrapWidth=1)
8.7190 	EXP 	Created instruction = TextStim(__class__=<class 'psychopy.visual.text.TextStim'>, alignHoriz='center', alignVert='center', antialias=True, autoLog=True, bold=False, color='white', colorSpace='named', contrast=1.0, depth=0.0, flipHoriz=False, flipVert=False, font='Arial', fontFiles=[], height=0.1, italic=False, languageStyle='LTR', name='instruction', opacity=1.0, ori=0, pos=array([0. , 0.8]), rgb=array([255., 255., 255.]), text='指导语：\n现在你想要连接wifi', units='norm', win=Window(...), wrapWidth=1)
8.7252 	EXP 	Created background = ImageStim(__class__=<class 'psychopy.visual.image.ImageStim'>, autoLog=True, color=array([1., 1., 1.]), colorSpace='rgb', contrast=1.0, depth=-1.0, flipHoriz=False, flipVert=False, image='sin', interpolate=True, mask=None, maskParams=None, name='background', opacity=1.0, ori=0.0, pos=array([0., 0.]), size=array([1., 1.]), texRes=128, units='norm', win=Window(...))
8.7295 	EXP 	Created toast = ImageStim(__class__=<class 'psychopy.visual.image.ImageStim'>, autoLog=True, color=array([1., 1., 1.]), colorSpace='rgb', contrast=1.0, depth=-2.0, flipHoriz=False, flipVert=False, image=str(...), interpolate=True, mask=None, maskParams=None, name='toast', opacity=1.0, ori=0.0, pos=array([ 0. , -0.3]), size=array([0.5, 0.2]), texRes=128, units='norm', win=Window(...))
8.7466 	EXP 	Created Start = TextStim(__class__=<class 'psychopy.visual.text.TextStim'>, alignHoriz='center', alignVert='center', antialias=True, autoLog=True, bold=False, color='white', colorSpace='named', contrast=1.0, depth=0.0, flipHoriz=False, flipVert=False, font='Arial', fontFiles=[], height=0.1, italic=False, languageStyle='LTR', name='Start', opacity=1.0, ori=0, pos=array([0., 0.]), rgb=array([255., 255., 255.]), text='正式实验开始！\n\n\n按“空格键”继续。', units='norm', win=Window(...), wrapWidth=1)
8.7571 	EXP 	Created scene = TextStim(__class__=<class 'psychopy.visual.text.TextStim'>, alignHoriz='center', alignVert='center', antialias=True, autoLog=True, bold=False, color='white', colorSpace='named', contrast=1.0, depth=0.0, flipHoriz=False, flipVert=False, font='Arial', fontFiles=[], height=0.1, italic=False, languageStyle='LTR', name='scene', opacity=1.0, ori=0, pos=array([0., 0.]), rgb=array([255., 255., 255.]), text='现在你想播放音乐\n', units='norm', win=Window(...), wrapWidth=1)
8.7583 	EXP 	Created image = ImageStim(__class__=<class 'psychopy.visual.image.ImageStim'>, autoLog=True, color=array([1., 1., 1.]), colorSpace='rgb', contrast=1.0, depth=-1.0, flipHoriz=False, flipVert=False, image=None, interpolate=True, mask=None, maskParams=None, name='image', opacity=1.0, ori=0.0, pos=array([0., 0.]), size=array([0.5, 0.5]), texRes=128, units='norm', win=Window(...))
8.7599 	EXP 	Created image_2 = ImageStim(__class__=<class 'psychopy.visual.image.ImageStim'>, autoLog=True, color=array([1., 1., 1.]), colorSpace='rgb', contrast=1.0, depth=-2.0, flipHoriz=False, flipVert=False, image=None, interpolate=True, mask=None, maskParams=None, name='image_2', opacity=1.0, ori=0.0, pos=array([0., 0.]), size=array([0.5, 0.5]), texRes=128, units='norm', win=Window(...))
8.7784 	EXP 	text: autoDraw = True
9.4243 	DATA 	Keypress: space
9.4563 	EXP 	Imported ..\..\收集箱\toast study\conditions.xlsx as conditions, 4 conditions, 2 params
9.4567 	EXP 	Created sequence: random, trialTypes=4, nReps=1, seed=None
9.4569 	EXP 	New trial (rep=0, index=0): OrderedDict([('conditions', 2), ('image_file', 'D:\\收集箱\\图片\\三体\\红岸基地.jpg')])
9.5395 	EXP 	text: autoDraw = False
9.5395 	EXP 	background: image = 'D:\\收集箱\\图片\\三体\\红岸基地.jpg'
9.5395 	EXP 	instruction: autoDraw = True
11.4896 	EXP 	background: autoDraw = True
11.8072 	DATA 	Keypress: space
12.1403 	DATA 	Keypress: space
12.1414 	EXP 	New trial (rep=0, index=1): OrderedDict([('conditions', 1), ('image_file', 'D:\\收集箱\\图片\\三体\\timg.jpg')])
12.2396 	EXP 	instruction: autoDraw = False
12.2396 	EXP 	background: autoDraw = False
12.2396 	EXP 	toast: autoDraw = False
12.2396 	EXP 	background: image = 'D:\\收集箱\\图片\\三体\\timg.jpg'
12.2396 	EXP 	instruction: autoDraw = True
14.1731 	EXP 	background: autoDraw = True
14.9592 	DATA 	Keypress: space
14.9746 	EXP 	New trial (rep=0, index=2): OrderedDict([('conditions', 3), ('image_file', 'D:\\收集箱\\图片\\三体\\三体.jpg')])
15.2404 	EXP 	instruction: autoDraw = False
15.2404 	EXP 	background: autoDraw = False
15.2404 	EXP 	toast: autoDraw = False
15.2404 	EXP 	background: image = 'D:\\收集箱\\图片\\三体\\三体.jpg'
15.2404 	EXP 	instruction: autoDraw = True
17.0075 	EXP 	background: autoDraw = True
18.0067 	EXP 	toast: autoDraw = True
18.2407 	DATA 	Keypress: space
18.2414 	EXP 	New trial (rep=0, index=3): OrderedDict([('conditions', 4), ('image_file', 'D:\\收集箱\\图片\\三体\\三体2.png')])
18.3737 	EXP 	instruction: autoDraw = False
18.3737 	EXP 	background: autoDraw = False
18.3737 	EXP 	toast: autoDraw = False
18.3737 	EXP 	background: image = 'D:\\收集箱\\图片\\三体\\三体2.png'
18.3737 	EXP 	instruction: autoDraw = True
20.2735 	EXP 	background: autoDraw = True
21.2744 	EXP 	toast: autoDraw = True
21.4743 	DATA 	Keypress: space
21.4903 	EXP 	instruction: autoDraw = False
21.4903 	EXP 	background: autoDraw = False
21.4903 	EXP 	toast: autoDraw = False
21.4903 	EXP 	Start: autoDraw = True
22.5079 	DATA 	Keypress: space
22.5086 	EXP 	Created sequence: random, trialTypes=1, nReps=1, seed=None
22.5089 	EXP 	New trial (rep=0, index=0): None
22.5239 	EXP 	Start: autoDraw = False
22.5239 	EXP 	scene: autoDraw = True
22.5239 	EXP 	image: autoDraw = True
22.5239 	EXP 	image_2: autoDraw = True
23.0580 	DATA 	Keypress: space
23.2767 	EXP 	window1: mouseVisible = True
