6.6822 	WARNING 	User requested fullscreen with size [1024  768], but screen is actually [1920, 1080]. Using actual size
7.9562 	EXP 	Created window1 = Window(allowGUI=False, allowStencil=False, args=UNKNOWN, autoLog=True, bitsMode=UNKNOWN, blendMode='avg', color=array([0., 0., 0.]), colorSpace='rgb', fullscr=<method-wrapper '__getattribute__' of attributeSetter object at 0x0F076F10>, gamma=None, kwargs=UNKNOWN, lms=UNKNOWN, monitor=<psychopy.monitors.calibTools.Monitor object at 0x1CCC2130>, multiSample=False, name='window1', numSamples=2, pos=[0.0, 0.0], screen=0, size=array([1920, 1080]), stereo=False, units='norm', useFBO=True, useRetina=False, viewOri=0.0, viewPos=None, viewScale=None, waitBlanking=True, winType='pyglet')
7.9562 	EXP 	window1: recordFrameIntervals = False
8.1218 	EXP 	window1: recordFrameIntervals = True
8.2548 	WARNING 	t of last frame was 32.21ms (=1/31)
8.3551 	WARNING 	t of last frame was 32.26ms (=1/31)
8.5218 	EXP 	window1: recordFrameIntervals = False
8.6577 	EXP 	Created text = TextStim(__class__=<class 'psychopy.visual.text.TextStim'>, alignHoriz='center', alignVert='center', antialias=True, autoLog=True, bold=False, color='white', colorSpace='named', contrast=1.0, depth=0.0, flipHoriz=False, flipVert=False, font='Arial', fontFiles=[], height=0.1, italic=False, languageStyle='LTR', name='text', opacity=1.0, ori=0, pos=array([0., 0.]), rgb=array([255., 255., 255.]), text=str(...), units='norm', win=Window(...), wrapWidth=1)
8.6772 	EXP 	Created instruction = TextStim(__class__=<class 'psychopy.visual.text.TextStim'>, alignHoriz='center', alignVert='center', antialias=True, autoLog=True, bold=False, color='white', colorSpace='named', contrast=1.0, depth=0.0, flipHoriz=False, flipVert=False, font='Arial', fontFiles=[], height=0.1, italic=False, languageStyle='LTR', name='instruction', opacity=1.0, ori=0, pos=array([0. , 0.8]), rgb=array([255., 255., 255.]), text='指导语：\n现在你想要连接wifi', units='norm', win=Window(...), wrapWidth=1)
8.6815 	EXP 	Created background = ImageStim(__class__=<class 'psychopy.visual.image.ImageStim'>, autoLog=True, color=array([1., 1., 1.]), colorSpace='rgb', contrast=1.0, depth=-1.0, flipHoriz=False, flipVert=False, image='sin', interpolate=True, mask=None, maskParams=None, name='background', opacity=1.0, ori=0.0, pos=array([0., 0.]), size=array([1., 1.]), texRes=128, units='norm', win=Window(...))
8.6844 	EXP 	Created toast = ImageStim(__class__=<class 'psychopy.visual.image.ImageStim'>, autoLog=True, color=array([1., 1., 1.]), colorSpace='rgb', contrast=1.0, depth=-2.0, flipHoriz=False, flipVert=False, image=str(...), interpolate=True, mask=None, maskParams=None, name='toast', opacity=1.0, ori=0.0, pos=array([ 0. , -0.3]), size=array([0.5, 0.2]), texRes=128, units='norm', win=Window(...))
8.7134 	EXP 	Created Start = TextStim(__class__=<class 'psychopy.visual.text.TextStim'>, alignHoriz='center', alignVert='center', antialias=True, autoLog=True, bold=False, color='white', colorSpace='named', contrast=1.0, depth=0.0, flipHoriz=False, flipVert=False, font='Arial', fontFiles=[], height=0.1, italic=False, languageStyle='LTR', name='Start', opacity=1.0, ori=0, pos=array([0., 0.]), rgb=array([255., 255., 255.]), text='正式实验开始！\n\n\n按“空格键”继续。', units='norm', win=Window(...), wrapWidth=1)
8.7243 	EXP 	Created scene = TextStim(__class__=<class 'psychopy.visual.text.TextStim'>, alignHoriz='center', alignVert='center', antialias=True, autoLog=True, bold=False, color='white', colorSpace='named', contrast=1.0, depth=0.0, flipHoriz=False, flipVert=False, font='Arial', fontFiles=[], height=0.1, italic=False, languageStyle='LTR', name='scene', opacity=1.0, ori=0, pos=array([0., 0.]), rgb=array([255., 255., 255.]), text='现在你想播放音乐\n', units='norm', win=Window(...), wrapWidth=1)
8.7254 	EXP 	Created image = ImageStim(__class__=<class 'psychopy.visual.image.ImageStim'>, autoLog=True, color=array([1., 1., 1.]), colorSpace='rgb', contrast=1.0, depth=-1.0, flipHoriz=False, flipVert=False, image=None, interpolate=True, mask=None, maskParams=None, name='image', opacity=1.0, ori=0.0, pos=array([0., 0.]), size=array([0.5, 0.5]), texRes=128, units='norm', win=Window(...))
8.7265 	EXP 	Created image_2 = ImageStim(__class__=<class 'psychopy.visual.image.ImageStim'>, autoLog=True, color=array([1., 1., 1.]), colorSpace='rgb', contrast=1.0, depth=-2.0, flipHoriz=False, flipVert=False, image=None, interpolate=True, mask=None, maskParams=None, name='image_2', opacity=1.0, ori=0.0, pos=array([0., 0.]), size=array([0.5, 0.5]), texRes=128, units='norm', win=Window(...))
8.7548 	EXP 	text: autoDraw = True
9.3222 	DATA 	Keypress: space
9.3385 	EXP 	Imported ..\..\收集箱\toast study\conditions.xlsx as conditions, 4 conditions, 2 params
9.3389 	EXP 	Created sequence: random, trialTypes=4, nReps=1, seed=None
9.3391 	EXP 	New trial (rep=0, index=0): OrderedDict([('conditions', 1), ('image_file', 'D:\\收集箱\\图片\\三体\\timg.jpg')])
9.4216 	EXP 	text: autoDraw = False
9.4216 	EXP 	background: image = 'D:\\收集箱\\图片\\三体\\timg.jpg'
9.4216 	EXP 	instruction: autoDraw = True
10.2723 	DATA 	Keypress: space
11.3718 	EXP 	background: autoDraw = True
12.1397 	DATA 	Keypress: space
12.3719 	EXP 	toast: autoDraw = True
13.1060 	DATA 	Keypress: space
13.1068 	EXP 	New trial (rep=0, index=1): OrderedDict([('conditions', 2), ('image_file', 'D:\\收集箱\\图片\\三体\\红岸基地.jpg')])
13.2053 	EXP 	instruction: autoDraw = False
13.2053 	EXP 	background: autoDraw = False
13.2053 	EXP 	toast: autoDraw = False
13.2053 	EXP 	background: image = 'D:\\收集箱\\图片\\三体\\红岸基地.jpg'
13.2053 	EXP 	instruction: autoDraw = True
15.1389 	EXP 	background: autoDraw = True
15.5731 	DATA 	Keypress: space
15.8393 	DATA 	Keypress: space
16.1388 	EXP 	toast: autoDraw = True
16.6076 	DATA 	Keypress: space
16.6231 	EXP 	New trial (rep=0, index=2): OrderedDict([('conditions', 4), ('image_file', 'D:\\收集箱\\图片\\三体\\三体2.png')])
16.7558 	EXP 	instruction: autoDraw = False
16.7558 	EXP 	background: autoDraw = False
16.7558 	EXP 	toast: autoDraw = False
16.7558 	EXP 	background: image = 'D:\\收集箱\\图片\\三体\\三体2.png'
16.7558 	EXP 	instruction: autoDraw = True
18.6556 	EXP 	background: autoDraw = True
19.6558 	EXP 	toast: autoDraw = True
20.0396 	DATA 	Keypress: space
20.0403 	EXP 	New trial (rep=0, index=3): OrderedDict([('conditions', 3), ('image_file', 'D:\\收集箱\\图片\\三体\\三体.jpg')])
20.2561 	EXP 	instruction: autoDraw = False
20.2561 	EXP 	background: autoDraw = False
20.2561 	EXP 	toast: autoDraw = False
20.2561 	EXP 	background: image = 'D:\\收集箱\\图片\\三体\\三体.jpg'
20.2561 	EXP 	instruction: autoDraw = True
22.0726 	EXP 	background: autoDraw = True
23.0727 	EXP 	toast: autoDraw = True
23.3067 	DATA 	Keypress: space
23.3226 	EXP 	instruction: autoDraw = False
23.3226 	EXP 	background: autoDraw = False
23.3226 	EXP 	toast: autoDraw = False
23.3226 	EXP 	Start: autoDraw = True
25.4068 	DATA 	Keypress: space
25.4073 	EXP 	Created sequence: random, trialTypes=1, nReps=1, seed=None
25.4075 	EXP 	New trial (rep=0, index=0): None
25.4228 	EXP 	Start: autoDraw = False
25.4228 	EXP 	scene: autoDraw = True
25.4228 	EXP 	image: autoDraw = True
25.4228 	EXP 	image_2: autoDraw = True
25.9735 	DATA 	Keypress: space
26.2083 	EXP 	window1: mouseVisible = True
